<?xml version="1.0" encoding="UTF-8"?>
<coverage generated="1735755076461" clover="3.2.0">
  <project timestamp="1735755076461" name="All files">
    <metrics statements="66" coveredstatements="62" conditionals="31" coveredconditionals="22" methods="28" coveredmethods="23" elements="125" coveredelements="107" complexity="0" loc="66" ncloc="66" packages="5" files="7" classes="7"/>
    <package name="src">
      <metrics statements="16" coveredstatements="12" conditionals="4" coveredconditionals="2" methods="5" coveredmethods="3"/>
      <file name="App.tsx" path="/Users/ahernandez/Sites/react-autocomplete/src/App.tsx">
        <metrics statements="16" coveredstatements="12" conditionals="4" coveredconditionals="2" methods="5" coveredmethods="3"/>
        <line num="12" count="3" type="stmt"/>
        <line num="13" count="3" type="stmt"/>
        <line num="15" count="3" type="stmt"/>
        <line num="16" count="3" type="stmt"/>
        <line num="20" count="3" type="stmt"/>
        <line num="21" count="1" type="stmt"/>
        <line num="24" count="3" type="stmt"/>
        <line num="25" count="0" type="stmt"/>
        <line num="26" count="0" type="stmt"/>
        <line num="29" count="3" type="stmt"/>
        <line num="30" count="0" type="stmt"/>
        <line num="31" count="0" type="stmt"/>
        <line num="34" count="3" type="stmt"/>
        <line num="35" count="2" type="stmt"/>
        <line num="38" count="3" type="cond" truecount="1" falsecount="1"/>
        <line num="40" count="3" type="stmt"/>
      </file>
    </package>
    <package name="src.components.Autocomplete">
      <metrics statements="12" coveredstatements="12" conditionals="16" coveredconditionals="12" methods="9" coveredmethods="6"/>
      <file name="Autocomplete.tsx" path="/Users/ahernandez/Sites/react-autocomplete/src/components/Autocomplete/Autocomplete.tsx">
        <metrics statements="12" coveredstatements="12" conditionals="16" coveredconditionals="12" methods="9" coveredmethods="6"/>
        <line num="18" count="2" type="stmt"/>
        <line num="29" count="12" type="stmt"/>
        <line num="30" count="12" type="stmt"/>
        <line num="32" count="12" type="stmt"/>
        <line num="33" count="12" type="stmt"/>
        <line num="35" count="12" type="stmt"/>
        <line num="36" count="1" type="stmt"/>
        <line num="37" count="1" type="stmt"/>
        <line num="40" count="12" type="stmt"/>
        <line num="42" count="12" type="stmt"/>
        <line num="90" count="6" type="stmt"/>
        <line num="100" count="1" type="stmt"/>
      </file>
    </package>
    <package name="src.helpers">
      <metrics statements="2" coveredstatements="2" conditionals="0" coveredconditionals="0" methods="2" coveredmethods="2"/>
      <file name="highlightString.ts" path="/Users/ahernandez/Sites/react-autocomplete/src/helpers/highlightString.ts">
        <metrics statements="2" coveredstatements="2" conditionals="0" coveredconditionals="0" methods="2" coveredmethods="2"/>
        <line num="2" count="6" type="stmt"/>
        <line num="4" count="58" type="stmt"/>
      </file>
    </package>
    <package name="src.hooks">
      <metrics statements="35" coveredstatements="35" conditionals="11" coveredconditionals="8" methods="11" coveredmethods="11"/>
      <file name="useClickOutside.tsx" path="/Users/ahernandez/Sites/react-autocomplete/src/hooks/useClickOutside.tsx">
        <metrics statements="7" coveredstatements="7" conditionals="4" coveredconditionals="4" methods="4" coveredmethods="4"/>
        <line num="6" count="14" type="stmt"/>
        <line num="8" count="3" type="cond" truecount="4" falsecount="0"/>
        <line num="9" count="1" type="stmt"/>
        <line num="15" count="14" type="stmt"/>
        <line num="16" count="14" type="stmt"/>
        <line num="17" count="14" type="stmt"/>
        <line num="18" count="12" type="stmt"/>
      </file>
      <file name="useDebounce.tsx" path="/Users/ahernandez/Sites/react-autocomplete/src/hooks/useDebounce.tsx">
        <metrics statements="11" coveredstatements="11" conditionals="5" coveredconditionals="3" methods="4" coveredmethods="4"/>
        <line num="4" count="9" type="stmt"/>
        <line num="5" count="9" type="stmt"/>
        <line num="7" count="9" type="stmt"/>
        <line num="8" count="7" type="cond" truecount="2" falsecount="0"/>
        <line num="9" count="3" type="stmt"/>
        <line num="12" count="7" type="stmt"/>
        <line num="13" count="2" type="stmt"/>
        <line num="16" count="7" type="stmt"/>
        <line num="17" count="6" type="cond" truecount="1" falsecount="1"/>
        <line num="18" count="6" type="stmt"/>
        <line num="23" count="9" type="stmt"/>
      </file>
      <file name="useQuery.tsx" path="/Users/ahernandez/Sites/react-autocomplete/src/hooks/useQuery.tsx">
        <metrics statements="17" coveredstatements="17" conditionals="2" coveredconditionals="1" methods="3" coveredmethods="3"/>
        <line num="13" count="17" type="stmt"/>
        <line num="14" count="17" type="stmt"/>
        <line num="15" count="17" type="stmt"/>
        <line num="17" count="17" type="stmt"/>
        <line num="19" count="5" type="stmt"/>
        <line num="20" count="5" type="stmt"/>
        <line num="21" count="5" type="stmt"/>
        <line num="22" count="5" type="stmt"/>
        <line num="23" count="5" type="stmt"/>
        <line num="27" count="2" type="stmt"/>
        <line num="29" count="2" type="stmt"/>
        <line num="31" count="4" type="stmt"/>
        <line num="37" count="17" type="stmt"/>
        <line num="38" count="2" type="cond" truecount="1" falsecount="1"/>
        <line num="39" count="2" type="stmt"/>
        <line num="40" count="2" type="stmt"/>
        <line num="44" count="17" type="stmt"/>
      </file>
    </package>
    <package name="src.mappers">
      <metrics statements="1" coveredstatements="1" conditionals="0" coveredconditionals="0" methods="1" coveredmethods="1"/>
      <file name="mapPokemons.ts" path="/Users/ahernandez/Sites/react-autocomplete/src/mappers/mapPokemons.ts">
        <metrics statements="1" coveredstatements="1" conditionals="0" coveredconditionals="0" methods="1" coveredmethods="1"/>
        <line num="1" count="9" type="stmt"/>
      </file>
    </package>
  </project>
</coverage>
