{"/Users/ahernandez/Sites/react-autocomplete/src/App.tsx": {"path":"/Users/ahernandez/Sites/react-autocomplete/src/App.tsx","statementMap":{"0":{"start":{"line":12,"column":30},"end":{"line":12,"column":50}},"1":{"start":{"line":13,"column":34},"end":{"line":13,"column":64}},"2":{"start":{"line":15,"column":26},"end":{"line":15,"column":50}},"3":{"start":{"line":16,"column":37},"end":{"line":18,"column":4}},"4":{"start":{"line":20,"column":25},"end":{"line":22,"column":17}},"5":{"start":{"line":21,"column":4},"end":{"line":21,"column":33}},"6":{"start":{"line":24,"column":19},"end":{"line":27,"column":3}},"7":{"start":{"line":25,"column":4},"end":{"line":25,"column":26}},"8":{"start":{"line":26,"column":4},"end":{"line":26,"column":29}},"9":{"start":{"line":29,"column":22},"end":{"line":32,"column":3}},"10":{"start":{"line":30,"column":4},"end":{"line":30,"column":22}},"11":{"start":{"line":31,"column":4},"end":{"line":31,"column":17}},"12":{"start":{"line":34,"column":2},"end":{"line":36,"column":23}},"13":{"start":{"line":35,"column":4},"end":{"line":35,"column":65}},"14":{"start":{"line":38,"column":18},"end":{"line":38,"column":47}},"15":{"start":{"line":40,"column":2},"end":{"line":63,"column":3}}},"fnMap":{"0":{"name":"App","decl":{"start":{"line":11,"column":9},"end":{"line":11,"column":12}},"loc":{"start":{"line":11,"column":15},"end":{"line":64,"column":1}},"line":11},"1":{"name":"(anonymous_1)","decl":{"start":{"line":20,"column":37},"end":{"line":20,"column":38}},"loc":{"start":{"line":20,"column":53},"end":{"line":22,"column":3}},"line":20},"2":{"name":"(anonymous_2)","decl":{"start":{"line":24,"column":19},"end":{"line":24,"column":20}},"loc":{"start":{"line":24,"column":42},"end":{"line":27,"column":3}},"line":24},"3":{"name":"(anonymous_3)","decl":{"start":{"line":29,"column":22},"end":{"line":29,"column":23}},"loc":{"start":{"line":29,"column":28},"end":{"line":32,"column":3}},"line":29},"4":{"name":"(anonymous_4)","decl":{"start":{"line":34,"column":12},"end":{"line":34,"column":13}},"loc":{"start":{"line":34,"column":18},"end":{"line":36,"column":3}},"line":34}},"branchMap":{"0":{"loc":{"start":{"line":38,"column":19},"end":{"line":38,"column":29}},"type":"binary-expr","locations":[{"start":{"line":38,"column":19},"end":{"line":38,"column":23}},{"start":{"line":38,"column":27},"end":{"line":38,"column":29}}],"line":38},"1":{"loc":{"start":{"line":53,"column":8},"end":{"line":60,"column":16}},"type":"cond-expr","locations":[{"start":{"line":54,"column":10},"end":{"line":59,"column":16}},{"start":{"line":60,"column":12},"end":{"line":60,"column":16}}],"line":53}},"s":{"0":3,"1":3,"2":3,"3":3,"4":3,"5":1,"6":3,"7":0,"8":0,"9":3,"10":0,"11":0,"12":3,"13":2,"14":3,"15":3},"f":{"0":3,"1":1,"2":0,"3":0,"4":2},"b":{"0":[3,0],"1":[0,3]},"_coverageSchema":"1a1c01bbd47fc00a2c39e90264f33305004495a9","hash":"a1c46f31b2240cb0d229b4f50780a00f219089c0"}
,"/Users/ahernandez/Sites/react-autocomplete/src/components/Autocomplete/Autocomplete.tsx": {"path":"/Users/ahernandez/Sites/react-autocomplete/src/components/Autocomplete/Autocomplete.tsx","statementMap":{"0":{"start":{"line":18,"column":28},"end":{"line":120,"column":1}},"1":{"start":{"line":29,"column":23},"end":{"line":29,"column":51}},"2":{"start":{"line":30,"column":42},"end":{"line":30,"column":66}},"3":{"start":{"line":32,"column":23},"end":{"line":32,"column":50}},"4":{"start":{"line":32,"column":29},"end":{"line":32,"column":50}},"5":{"start":{"line":33,"column":24},"end":{"line":35,"column":3}},"6":{"start":{"line":34,"column":4},"end":{"line":34,"column":27}},"7":{"start":{"line":37,"column":28},"end":{"line":40,"column":3}},"8":{"start":{"line":38,"column":4},"end":{"line":38,"column":21}},"9":{"start":{"line":39,"column":4},"end":{"line":39,"column":27}},"10":{"start":{"line":42,"column":2},"end":{"line":42,"column":47}},"11":{"start":{"line":44,"column":2},"end":{"line":119,"column":4}},"12":{"start":{"line":92,"column":14},"end":{"line":108,"column":19}},"13":{"start":{"line":102,"column":20},"end":{"line":102,"column":46}}},"fnMap":{"0":{"name":"(anonymous_0)","decl":{"start":{"line":18,"column":28},"end":{"line":18,"column":29}},"loc":{"start":{"line":28,"column":25},"end":{"line":120,"column":1}},"line":28},"1":{"name":"(anonymous_1)","decl":{"start":{"line":25,"column":13},"end":{"line":25,"column":14}},"loc":{"start":{"line":25,"column":19},"end":{"line":25,"column":21}},"line":25},"2":{"name":"(anonymous_2)","decl":{"start":{"line":26,"column":13},"end":{"line":26,"column":14}},"loc":{"start":{"line":26,"column":19},"end":{"line":26,"column":21}},"line":26},"3":{"name":"(anonymous_3)","decl":{"start":{"line":27,"column":18},"end":{"line":27,"column":19}},"loc":{"start":{"line":27,"column":24},"end":{"line":27,"column":26}},"line":27},"4":{"name":"(anonymous_4)","decl":{"start":{"line":32,"column":23},"end":{"line":32,"column":24}},"loc":{"start":{"line":32,"column":29},"end":{"line":32,"column":50}},"line":32},"5":{"name":"(anonymous_5)","decl":{"start":{"line":33,"column":24},"end":{"line":33,"column":25}},"loc":{"start":{"line":33,"column":30},"end":{"line":35,"column":3}},"line":33},"6":{"name":"(anonymous_6)","decl":{"start":{"line":37,"column":28},"end":{"line":37,"column":29}},"loc":{"start":{"line":37,"column":49},"end":{"line":40,"column":3}},"line":37},"7":{"name":"(anonymous_7)","decl":{"start":{"line":91,"column":24},"end":{"line":91,"column":25}},"loc":{"start":{"line":92,"column":14},"end":{"line":108,"column":19}},"line":92},"8":{"name":"(anonymous_8)","decl":{"start":{"line":101,"column":27},"end":{"line":101,"column":28}},"loc":{"start":{"line":101,"column":33},"end":{"line":103,"column":19}},"line":101}},"branchMap":{"0":{"loc":{"start":{"line":19,"column":2},"end":{"line":19,"column":17}},"type":"default-arg","locations":[{"start":{"line":19,"column":15},"end":{"line":19,"column":17}}],"line":19},"1":{"loc":{"start":{"line":21,"column":2},"end":{"line":21,"column":17}},"type":"default-arg","locations":[{"start":{"line":21,"column":12},"end":{"line":21,"column":17}}],"line":21},"2":{"loc":{"start":{"line":22,"column":2},"end":{"line":22,"column":14}},"type":"default-arg","locations":[{"start":{"line":22,"column":12},"end":{"line":22,"column":14}}],"line":22},"3":{"loc":{"start":{"line":25,"column":2},"end":{"line":25,"column":21}},"type":"default-arg","locations":[{"start":{"line":25,"column":13},"end":{"line":25,"column":21}}],"line":25},"4":{"loc":{"start":{"line":26,"column":2},"end":{"line":26,"column":21}},"type":"default-arg","locations":[{"start":{"line":26,"column":13},"end":{"line":26,"column":21}}],"line":26},"5":{"loc":{"start":{"line":27,"column":2},"end":{"line":27,"column":26}},"type":"default-arg","locations":[{"start":{"line":27,"column":18},"end":{"line":27,"column":26}}],"line":27},"6":{"loc":{"start":{"line":53,"column":7},"end":{"line":57,"column":7}},"type":"binary-expr","locations":[{"start":{"line":53,"column":7},"end":{"line":53,"column":12}},{"start":{"line":54,"column":10},"end":{"line":56,"column":18}}],"line":53},"7":{"loc":{"start":{"line":73,"column":9},"end":{"line":82,"column":9}},"type":"binary-expr","locations":[{"start":{"line":73,"column":9},"end":{"line":73,"column":20}},{"start":{"line":74,"column":10},"end":{"line":81,"column":21}}],"line":73},"8":{"loc":{"start":{"line":84,"column":7},"end":{"line":117,"column":7}},"type":"binary-expr","locations":[{"start":{"line":84,"column":7},"end":{"line":84,"column":19}},{"start":{"line":85,"column":8},"end":{"line":116,"column":13}}],"line":84},"9":{"loc":{"start":{"line":90,"column":11},"end":{"line":114,"column":13}},"type":"cond-expr","locations":[{"start":{"line":91,"column":12},"end":{"line":109,"column":14}},{"start":{"line":111,"column":14},"end":{"line":113,"column":19}}],"line":90},"10":{"loc":{"start":{"line":105,"column":57},"end":{"line":105,"column":74}},"type":"binary-expr","locations":[{"start":{"line":105,"column":57},"end":{"line":105,"column":68}},{"start":{"line":105,"column":72},"end":{"line":105,"column":74}}],"line":105}},"s":{"0":2,"1":12,"2":12,"3":12,"4":3,"5":12,"6":0,"7":12,"8":1,"9":1,"10":12,"11":12,"12":6,"13":1},"f":{"0":12,"1":0,"2":0,"3":0,"4":3,"5":0,"6":1,"7":6,"8":1},"b":{"0":[12],"1":[9],"2":[0],"3":[0],"4":[0],"5":[0],"6":[12,4],"7":[12,4],"8":[12,3],"9":[2,1],"10":[6,6]},"_coverageSchema":"1a1c01bbd47fc00a2c39e90264f33305004495a9","hash":"cc0c0cfe0b9ff3beca290cada3ec88301be1fc9d"}
,"/Users/ahernandez/Sites/react-autocomplete/src/helpers/highlightString.ts": {"path":"/Users/ahernandez/Sites/react-autocomplete/src/helpers/highlightString.ts","statementMap":{"0":{"start":{"line":2,"column":16},"end":{"line":2,"column":43}},"1":{"start":{"line":4,"column":2},"end":{"line":4,"column":69}},"2":{"start":{"line":4,"column":40},"end":{"line":4,"column":67}}},"fnMap":{"0":{"name":"highlightString","decl":{"start":{"line":1,"column":24},"end":{"line":1,"column":39}},"loc":{"start":{"line":1,"column":73},"end":{"line":5,"column":1}},"line":1},"1":{"name":"(anonymous_1)","decl":{"start":{"line":4,"column":29},"end":{"line":4,"column":30}},"loc":{"start":{"line":4,"column":40},"end":{"line":4,"column":67}},"line":4}},"branchMap":{},"s":{"0":6,"1":6,"2":58},"f":{"0":6,"1":58},"b":{},"_coverageSchema":"1a1c01bbd47fc00a2c39e90264f33305004495a9","hash":"5fbbe1d9db21776bd91db4f9d368e0b4f8b99a60"}
,"/Users/ahernandez/Sites/react-autocomplete/src/hooks/useClickOutside.tsx": {"path":"/Users/ahernandez/Sites/react-autocomplete/src/hooks/useClickOutside.tsx","statementMap":{"0":{"start":{"line":6,"column":29},"end":{"line":13,"column":3}},"1":{"start":{"line":8,"column":6},"end":{"line":10,"column":7}},"2":{"start":{"line":9,"column":8},"end":{"line":9,"column":19}},"3":{"start":{"line":15,"column":2},"end":{"line":20,"column":27}},"4":{"start":{"line":16,"column":4},"end":{"line":16,"column":59}},"5":{"start":{"line":17,"column":4},"end":{"line":19,"column":6}},"6":{"start":{"line":18,"column":6},"end":{"line":18,"column":64}}},"fnMap":{"0":{"name":"useClickOutside","decl":{"start":{"line":5,"column":16},"end":{"line":5,"column":31}},"loc":{"start":{"line":5,"column":92},"end":{"line":21,"column":1}},"line":5},"1":{"name":"(anonymous_1)","decl":{"start":{"line":7,"column":4},"end":{"line":7,"column":5}},"loc":{"start":{"line":7,"column":27},"end":{"line":11,"column":5}},"line":7},"2":{"name":"(anonymous_2)","decl":{"start":{"line":15,"column":12},"end":{"line":15,"column":13}},"loc":{"start":{"line":15,"column":18},"end":{"line":20,"column":3}},"line":15},"3":{"name":"(anonymous_3)","decl":{"start":{"line":17,"column":11},"end":{"line":17,"column":12}},"loc":{"start":{"line":17,"column":17},"end":{"line":19,"column":5}},"line":17}},"branchMap":{"0":{"loc":{"start":{"line":8,"column":6},"end":{"line":10,"column":7}},"type":"if","locations":[{"start":{"line":8,"column":6},"end":{"line":10,"column":7}},{"start":{},"end":{}}],"line":8},"1":{"loc":{"start":{"line":8,"column":10},"end":{"line":8,"column":68}},"type":"binary-expr","locations":[{"start":{"line":8,"column":10},"end":{"line":8,"column":21}},{"start":{"line":8,"column":25},"end":{"line":8,"column":68}}],"line":8}},"s":{"0":14,"1":3,"2":1,"3":14,"4":14,"5":14,"6":12},"f":{"0":14,"1":3,"2":14,"3":12},"b":{"0":[1,2],"1":[3,3]},"_coverageSchema":"1a1c01bbd47fc00a2c39e90264f33305004495a9","hash":"b778c0a1e1aea714c637180607ec4f7a1c3e61b3"}
,"/Users/ahernandez/Sites/react-autocomplete/src/hooks/useDebounce.tsx": {"path":"/Users/ahernandez/Sites/react-autocomplete/src/hooks/useDebounce.tsx","statementMap":{"0":{"start":{"line":4,"column":46},"end":{"line":4,"column":61}},"1":{"start":{"line":5,"column":16},"end":{"line":5,"column":43}},"2":{"start":{"line":7,"column":2},"end":{"line":21,"column":21}},"3":{"start":{"line":8,"column":4},"end":{"line":10,"column":5}},"4":{"start":{"line":9,"column":6},"end":{"line":9,"column":34}},"5":{"start":{"line":12,"column":4},"end":{"line":14,"column":14}},"6":{"start":{"line":13,"column":6},"end":{"line":13,"column":31}},"7":{"start":{"line":16,"column":4},"end":{"line":20,"column":6}},"8":{"start":{"line":17,"column":6},"end":{"line":19,"column":7}},"9":{"start":{"line":18,"column":8},"end":{"line":18,"column":36}},"10":{"start":{"line":23,"column":2},"end":{"line":23,"column":24}}},"fnMap":{"0":{"name":"useDebounce","decl":{"start":{"line":3,"column":24},"end":{"line":3,"column":35}},"loc":{"start":{"line":3,"column":70},"end":{"line":24,"column":1}},"line":3},"1":{"name":"(anonymous_1)","decl":{"start":{"line":7,"column":12},"end":{"line":7,"column":13}},"loc":{"start":{"line":7,"column":18},"end":{"line":21,"column":3}},"line":7},"2":{"name":"(anonymous_2)","decl":{"start":{"line":12,"column":38},"end":{"line":12,"column":39}},"loc":{"start":{"line":12,"column":44},"end":{"line":14,"column":5}},"line":12},"3":{"name":"(anonymous_3)","decl":{"start":{"line":16,"column":11},"end":{"line":16,"column":12}},"loc":{"start":{"line":16,"column":17},"end":{"line":20,"column":5}},"line":16}},"branchMap":{"0":{"loc":{"start":{"line":3,"column":49},"end":{"line":3,"column":68}},"type":"default-arg","locations":[{"start":{"line":3,"column":65},"end":{"line":3,"column":68}}],"line":3},"1":{"loc":{"start":{"line":8,"column":4},"end":{"line":10,"column":5}},"type":"if","locations":[{"start":{"line":8,"column":4},"end":{"line":10,"column":5}},{"start":{},"end":{}}],"line":8},"2":{"loc":{"start":{"line":17,"column":6},"end":{"line":19,"column":7}},"type":"if","locations":[{"start":{"line":17,"column":6},"end":{"line":19,"column":7}},{"start":{},"end":{}}],"line":17}},"s":{"0":9,"1":9,"2":9,"3":7,"4":3,"5":7,"6":2,"7":7,"8":6,"9":6,"10":9},"f":{"0":9,"1":7,"2":2,"3":6},"b":{"0":[0],"1":[3,4],"2":[6,0]},"_coverageSchema":"1a1c01bbd47fc00a2c39e90264f33305004495a9","hash":"ac3434ead385f66802c05c989b747550a4f5a41e"}
,"/Users/ahernandez/Sites/react-autocomplete/src/hooks/useQuery.tsx": {"path":"/Users/ahernandez/Sites/react-autocomplete/src/hooks/useQuery.tsx","statementMap":{"0":{"start":{"line":13,"column":26},"end":{"line":13,"column":61}},"1":{"start":{"line":14,"column":36},"end":{"line":14,"column":60}},"2":{"start":{"line":15,"column":28},"end":{"line":15,"column":56}},"3":{"start":{"line":17,"column":16},"end":{"line":35,"column":3}},"4":{"start":{"line":19,"column":6},"end":{"line":19,"column":25}},"5":{"start":{"line":20,"column":6},"end":{"line":32,"column":7}},"6":{"start":{"line":21,"column":8},"end":{"line":21,"column":43}},"7":{"start":{"line":22,"column":23},"end":{"line":22,"column":40}},"8":{"start":{"line":23,"column":25},"end":{"line":26,"column":10}},"9":{"start":{"line":27,"column":8},"end":{"line":27,"column":42}},"10":{"start":{"line":29,"column":8},"end":{"line":29,"column":33}},"11":{"start":{"line":31,"column":8},"end":{"line":31,"column":28}},"12":{"start":{"line":37,"column":16},"end":{"line":42,"column":8}},"13":{"start":{"line":38,"column":4},"end":{"line":41,"column":5}},"14":{"start":{"line":39,"column":6},"end":{"line":39,"column":26}},"15":{"start":{"line":40,"column":6},"end":{"line":40,"column":25}},"16":{"start":{"line":44,"column":2},"end":{"line":44,"column":50}}},"fnMap":{"0":{"name":"useQuery","decl":{"start":{"line":7,"column":16},"end":{"line":7,"column":24}},"loc":{"start":{"line":10,"column":43},"end":{"line":45,"column":1}},"line":10},"1":{"name":"(anonymous_1)","decl":{"start":{"line":18,"column":4},"end":{"line":18,"column":5}},"loc":{"start":{"line":18,"column":37},"end":{"line":33,"column":5}},"line":18},"2":{"name":"(anonymous_2)","decl":{"start":{"line":37,"column":28},"end":{"line":37,"column":29}},"loc":{"start":{"line":37,"column":34},"end":{"line":42,"column":3}},"line":37}},"branchMap":{"0":{"loc":{"start":{"line":38,"column":4},"end":{"line":41,"column":5}},"type":"if","locations":[{"start":{"line":38,"column":4},"end":{"line":41,"column":5}},{"start":{},"end":{}}],"line":38}},"s":{"0":17,"1":17,"2":17,"3":17,"4":5,"5":5,"6":5,"7":5,"8":5,"9":2,"10":2,"11":4,"12":17,"13":2,"14":2,"15":2,"16":17},"f":{"0":17,"1":5,"2":2},"b":{"0":[2,0]},"_coverageSchema":"1a1c01bbd47fc00a2c39e90264f33305004495a9","hash":"ff838e69ac22027ecf9f6bda9debb8cdb9ea1150"}
,"/Users/ahernandez/Sites/react-autocomplete/src/mappers/mapPokemons.ts": {"path":"/Users/ahernandez/Sites/react-autocomplete/src/mappers/mapPokemons.ts","statementMap":{"0":{"start":{"line":1,"column":27},"end":{"line":5,"column":2}},"1":{"start":{"line":1,"column":59},"end":{"line":5,"column":1}}},"fnMap":{"0":{"name":"(anonymous_0)","decl":{"start":{"line":1,"column":27},"end":{"line":1,"column":28}},"loc":{"start":{"line":1,"column":59},"end":{"line":5,"column":1}},"line":1}},"branchMap":{},"s":{"0":1,"1":9},"f":{"0":9},"b":{},"_coverageSchema":"1a1c01bbd47fc00a2c39e90264f33305004495a9","hash":"0919d19d886eaf7665a4f98d8f8b7144272734ec"}
}
