TN:
SF:src/App.tsx
FN:11,App
FN:20,(anonymous_1)
FN:24,(anonymous_2)
FN:29,(anonymous_3)
FN:34,(anonymous_4)
FNF:5
FNH:3
FNDA:3,App
FNDA:1,(anonymous_1)
FNDA:0,(anonymous_2)
FNDA:0,(anonymous_3)
FNDA:2,(anonymous_4)
DA:12,3
DA:13,3
DA:15,3
DA:16,3
DA:20,3
DA:21,1
DA:24,3
DA:25,0
DA:26,0
DA:29,3
DA:30,0
DA:31,0
DA:34,3
DA:35,2
DA:38,3
DA:40,3
LF:16
LH:12
BRDA:38,0,0,3
BRDA:38,0,1,0
BRDA:53,1,0,0
BRDA:53,1,1,3
BRF:4
BRH:2
end_of_record
TN:
SF:src/components/Autocomplete/Autocomplete.tsx
FN:18,(anonymous_0)
FN:25,(anonymous_1)
FN:26,(anonymous_2)
FN:27,(anonymous_3)
FN:32,(anonymous_4)
FN:33,(anonymous_5)
FN:35,(anonymous_6)
FN:89,(anonymous_7)
FN:99,(anonymous_8)
FNF:9
FNH:6
FNDA:12,(anonymous_0)
FNDA:0,(anonymous_1)
FNDA:0,(anonymous_2)
FNDA:0,(anonymous_3)
FNDA:3,(anonymous_4)
FNDA:1,(anonymous_5)
FNDA:1,(anonymous_6)
FNDA:6,(anonymous_7)
FNDA:1,(anonymous_8)
DA:18,2
DA:29,12
DA:30,12
DA:32,12
DA:33,12
DA:35,12
DA:36,1
DA:37,1
DA:40,12
DA:42,12
DA:90,6
DA:100,1
LF:12
LH:12
BRDA:19,0,0,12
BRDA:21,1,0,9
BRDA:22,2,0,0
BRDA:25,3,0,0
BRDA:26,4,0,0
BRDA:27,5,0,0
BRDA:51,6,0,12
BRDA:51,6,1,4
BRDA:71,7,0,12
BRDA:71,7,1,4
BRDA:82,8,0,12
BRDA:82,8,1,3
BRDA:88,9,0,2
BRDA:88,9,1,1
BRDA:103,10,0,6
BRDA:103,10,1,6
BRF:16
BRH:12
end_of_record
TN:
SF:src/helpers/highlightString.ts
FN:1,highlightString
FN:4,(anonymous_1)
FNF:2
FNH:2
FNDA:6,highlightString
FNDA:58,(anonymous_1)
DA:2,6
DA:4,58
LF:2
LH:2
BRF:0
BRH:0
end_of_record
TN:
SF:src/hooks/useClickOutside.tsx
FN:5,useClickOutside
FN:7,(anonymous_1)
FN:15,(anonymous_2)
FN:17,(anonymous_3)
FNF:4
FNH:4
FNDA:14,useClickOutside
FNDA:3,(anonymous_1)
FNDA:14,(anonymous_2)
FNDA:12,(anonymous_3)
DA:6,14
DA:8,3
DA:9,1
DA:15,14
DA:16,14
DA:17,14
DA:18,12
LF:7
LH:7
BRDA:8,0,0,1
BRDA:8,0,1,2
BRDA:8,1,0,3
BRDA:8,1,1,3
BRF:4
BRH:4
end_of_record
TN:
SF:src/hooks/useDebounce.tsx
FN:3,useDebounce
FN:7,(anonymous_1)
FN:12,(anonymous_2)
FN:16,(anonymous_3)
FNF:4
FNH:4
FNDA:9,useDebounce
FNDA:7,(anonymous_1)
FNDA:2,(anonymous_2)
FNDA:6,(anonymous_3)
DA:4,9
DA:5,9
DA:7,9
DA:8,7
DA:9,3
DA:12,7
DA:13,2
DA:16,7
DA:17,6
DA:18,6
DA:23,9
LF:11
LH:11
BRDA:3,0,0,0
BRDA:8,1,0,3
BRDA:8,1,1,4
BRDA:17,2,0,6
BRDA:17,2,1,0
BRF:5
BRH:3
end_of_record
TN:
SF:src/hooks/useQuery.tsx
FN:7,useQuery
FN:18,(anonymous_1)
FN:37,(anonymous_2)
FNF:3
FNH:3
FNDA:17,useQuery
FNDA:5,(anonymous_1)
FNDA:2,(anonymous_2)
DA:13,17
DA:14,17
DA:15,17
DA:17,17
DA:19,5
DA:20,5
DA:21,5
DA:22,5
DA:23,5
DA:27,2
DA:29,2
DA:31,4
DA:37,17
DA:38,2
DA:39,2
DA:40,2
DA:44,17
LF:17
LH:17
BRDA:38,0,0,2
BRDA:38,0,1,0
BRF:2
BRH:1
end_of_record
TN:
SF:src/mappers/mapPokemons.ts
FN:1,(anonymous_0)
FNF:1
FNH:1
FNDA:9,(anonymous_0)
DA:1,9
LF:1
LH:1
BRF:0
BRH:0
end_of_record
